  test.cpp
D:\代码-总\高阶数据结构\图\Graph\Graph\Graph.h(751,24): warning C4267: “参数”: 从“size_t”转换到“int”，可能丢失数据
D:\代码-总\高阶数据结构\图\Graph\Graph\Graph.h(759,25): warning C4267: “参数”: 从“size_t”转换到“int”，可能丢失数据
D:\代码-总\高阶数据结构\图\Graph\Graph\Graph.h(724,23): warning C4267: “=”: 从“size_t”转换到“int”，可能丢失数据
D:\代码-总\高阶数据结构\图\Graph\Graph\Graph.h(477,23): warning C4267: “=”: 从“size_t”转换到“_Ty”，可能丢失数据
D:\代码-总\高阶数据结构\图\Graph\Graph\Graph.h(477,23): warning C4267:         with
D:\代码-总\高阶数据结构\图\Graph\Graph\Graph.h(477,23): warning C4267:         [
D:\代码-总\高阶数据结构\图\Graph\Graph\Graph.h(477,23): warning C4267:             _Ty=int
D:\代码-总\高阶数据结构\图\Graph\Graph\Graph.h(477,23): warning C4267:         ]
D:\代码-总\高阶数据结构\图\Graph\Graph\Graph.h(394,22): warning C4267: “参数”: 从“size_t”转换到“_Ty”，可能丢失数据
D:\代码-总\高阶数据结构\图\Graph\Graph\Graph.h(394,22): warning C4267:         with
D:\代码-总\高阶数据结构\图\Graph\Graph\Graph.h(394,22): warning C4267:         [
D:\代码-总\高阶数据结构\图\Graph\Graph\Graph.h(394,22): warning C4267:             _Ty=int
D:\代码-总\高阶数据结构\图\Graph\Graph\Graph.h(394,22): warning C4267:         ]
D:\代码-总\高阶数据结构\图\Graph\Graph\Graph.h(397,21): warning C4267: “参数”: 从“size_t”转换到“_Ty”，可能丢失数据
D:\代码-总\高阶数据结构\图\Graph\Graph\Graph.h(397,21): warning C4267:         with
D:\代码-总\高阶数据结构\图\Graph\Graph\Graph.h(397,21): warning C4267:         [
D:\代码-总\高阶数据结构\图\Graph\Graph\Graph.h(397,21): warning C4267:             _Ty=int
D:\代码-总\高阶数据结构\图\Graph\Graph\Graph.h(397,21): warning C4267:         ]
D:\代码-总\高阶数据结构\图\Graph\Graph\Graph.h(30,23): warning C4267: “=”: 从“size_t”转换到“int”，可能丢失数据
  Graph.vcxproj -> D:\代码-总\高阶数据结构\图\Graph\x64\Debug\Graph.exe
